[2021-12-15 14:10:05Z INFO HostContext] No proxy settings were found based on environmental variables (http_proxy/https_proxy/HTTP_PROXY/HTTPS_PROXY)
[2021-12-15 14:10:05Z INFO HostContext] Well known directory 'Bin': '/Users/jsp/HashiCorp/vault-guides/ecosystem/vault-github-action/actions-runner/bin'
[2021-12-15 14:10:05Z INFO HostContext] Well known directory 'Root': '/Users/jsp/HashiCorp/vault-guides/ecosystem/vault-github-action/actions-runner'
[2021-12-15 14:10:05Z INFO HostContext] Well known config file 'Credentials': '/Users/jsp/HashiCorp/vault-guides/ecosystem/vault-github-action/actions-runner/.credentials'
[2021-12-15 14:10:05Z INFO HostContext] Well known directory 'Bin': '/Users/jsp/HashiCorp/vault-guides/ecosystem/vault-github-action/actions-runner/bin'
[2021-12-15 14:10:05Z INFO HostContext] Well known directory 'Root': '/Users/jsp/HashiCorp/vault-guides/ecosystem/vault-github-action/actions-runner'
[2021-12-15 14:10:05Z INFO HostContext] Well known config file 'Runner': '/Users/jsp/HashiCorp/vault-guides/ecosystem/vault-github-action/actions-runner/.runner'
[2021-12-15 14:10:05Z INFO Listener] Runner is built for OSX (X64) - osx-x64.
[2021-12-15 14:10:05Z INFO Listener] RuntimeInformation: Darwin 20.6.0 Darwin Kernel Version 20.6.0: Tue Oct 12 18:33:42 PDT 2021; root:xnu-7195.141.8~1/RELEASE_X86_64.
[2021-12-15 14:10:05Z INFO Listener] Version: 2.285.1
[2021-12-15 14:10:05Z INFO Listener] Commit: 50afba61b40932c1084e31b5e9e7f5af325cc2ac
[2021-12-15 14:10:05Z INFO Listener] Culture: en-US
[2021-12-15 14:10:05Z INFO Listener] UI Culture: en-US
[2021-12-15 14:10:05Z INFO HostContext] Well known directory 'Bin': '/Users/jsp/HashiCorp/vault-guides/ecosystem/vault-github-action/actions-runner/bin'
[2021-12-15 14:10:05Z INFO HostContext] Well known directory 'Root': '/Users/jsp/HashiCorp/vault-guides/ecosystem/vault-github-action/actions-runner'
[2021-12-15 14:10:05Z INFO Listener] Validating directory permissions for: '/Users/jsp/HashiCorp/vault-guides/ecosystem/vault-github-action/actions-runner'
[2021-12-15 14:10:05Z INFO CommandLineParser] Parse
[2021-12-15 14:10:05Z INFO CommandLineParser] Parsing 5 args
[2021-12-15 14:10:05Z INFO CommandLineParser] parsing argument
[2021-12-15 14:10:05Z INFO CommandLineParser] HasArgs: False
[2021-12-15 14:10:05Z INFO CommandLineParser] Adding Command: configure
[2021-12-15 14:10:05Z INFO CommandLineParser] parsing argument
[2021-12-15 14:10:05Z INFO CommandLineParser] HasArgs: True
[2021-12-15 14:10:05Z INFO CommandLineParser] arg: url
[2021-12-15 14:10:05Z INFO CommandLineParser] parsing argument
[2021-12-15 14:10:05Z INFO CommandLineParser] HasArgs: True
[2021-12-15 14:10:05Z INFO CommandLineParser] Adding option 'url': 'https://github.com/jsp-hashicorp/vault-action-example'
[2021-12-15 14:10:05Z INFO CommandLineParser] parsing argument
[2021-12-15 14:10:05Z INFO CommandLineParser] HasArgs: True
[2021-12-15 14:10:05Z INFO CommandLineParser] arg: token
[2021-12-15 14:10:05Z INFO CommandLineParser] parsing argument
[2021-12-15 14:10:05Z INFO CommandLineParser] HasArgs: True
[2021-12-15 14:10:05Z INFO CommandLineParser] Adding option 'token': '***'
[2021-12-15 14:10:05Z INFO Listener] Arguments parsed
[2021-12-15 14:10:06Z INFO Runner] ExecuteCommand
[2021-12-15 14:10:06Z INFO ConfigurationStore] currentAssemblyLocation: /Users/jsp/HashiCorp/vault-guides/ecosystem/vault-github-action/actions-runner/bin/Runner.Listener.dll
[2021-12-15 14:10:06Z INFO HostContext] Well known directory 'Bin': '/Users/jsp/HashiCorp/vault-guides/ecosystem/vault-github-action/actions-runner/bin'
[2021-12-15 14:10:06Z INFO ConfigurationStore] binPath: /Users/jsp/HashiCorp/vault-guides/ecosystem/vault-github-action/actions-runner/bin
[2021-12-15 14:10:06Z INFO HostContext] Well known directory 'Bin': '/Users/jsp/HashiCorp/vault-guides/ecosystem/vault-github-action/actions-runner/bin'
[2021-12-15 14:10:06Z INFO HostContext] Well known directory 'Root': '/Users/jsp/HashiCorp/vault-guides/ecosystem/vault-github-action/actions-runner'
[2021-12-15 14:10:06Z INFO ConfigurationStore] RootFolder: /Users/jsp/HashiCorp/vault-guides/ecosystem/vault-github-action/actions-runner
[2021-12-15 14:10:06Z INFO HostContext] Well known directory 'Bin': '/Users/jsp/HashiCorp/vault-guides/ecosystem/vault-github-action/actions-runner/bin'
[2021-12-15 14:10:06Z INFO HostContext] Well known directory 'Root': '/Users/jsp/HashiCorp/vault-guides/ecosystem/vault-github-action/actions-runner'
[2021-12-15 14:10:06Z INFO HostContext] Well known config file 'Runner': '/Users/jsp/HashiCorp/vault-guides/ecosystem/vault-github-action/actions-runner/.runner'
[2021-12-15 14:10:06Z INFO ConfigurationStore] ConfigFilePath: /Users/jsp/HashiCorp/vault-guides/ecosystem/vault-github-action/actions-runner/.runner
[2021-12-15 14:10:06Z INFO HostContext] Well known directory 'Bin': '/Users/jsp/HashiCorp/vault-guides/ecosystem/vault-github-action/actions-runner/bin'
[2021-12-15 14:10:06Z INFO HostContext] Well known directory 'Root': '/Users/jsp/HashiCorp/vault-guides/ecosystem/vault-github-action/actions-runner'
[2021-12-15 14:10:06Z INFO HostContext] Well known config file 'Credentials': '/Users/jsp/HashiCorp/vault-guides/ecosystem/vault-github-action/actions-runner/.credentials'
[2021-12-15 14:10:06Z INFO ConfigurationStore] CredFilePath: /Users/jsp/HashiCorp/vault-guides/ecosystem/vault-github-action/actions-runner/.credentials
[2021-12-15 14:10:06Z INFO HostContext] Well known directory 'Bin': '/Users/jsp/HashiCorp/vault-guides/ecosystem/vault-github-action/actions-runner/bin'
[2021-12-15 14:10:06Z INFO HostContext] Well known directory 'Root': '/Users/jsp/HashiCorp/vault-guides/ecosystem/vault-github-action/actions-runner'
[2021-12-15 14:10:06Z INFO HostContext] Well known config file 'MigratedCredentials': '/Users/jsp/HashiCorp/vault-guides/ecosystem/vault-github-action/actions-runner/.credentials_migrated'
[2021-12-15 14:10:06Z INFO ConfigurationStore] MigratedCredFilePath: /Users/jsp/HashiCorp/vault-guides/ecosystem/vault-github-action/actions-runner/.credentials_migrated
[2021-12-15 14:10:06Z INFO HostContext] Well known directory 'Bin': '/Users/jsp/HashiCorp/vault-guides/ecosystem/vault-github-action/actions-runner/bin'
[2021-12-15 14:10:06Z INFO HostContext] Well known directory 'Root': '/Users/jsp/HashiCorp/vault-guides/ecosystem/vault-github-action/actions-runner'
[2021-12-15 14:10:06Z INFO HostContext] Well known config file 'Service': '/Users/jsp/HashiCorp/vault-guides/ecosystem/vault-github-action/actions-runner/.service'
[2021-12-15 14:10:06Z INFO ConfigurationStore] ServiceConfigFilePath: /Users/jsp/HashiCorp/vault-guides/ecosystem/vault-github-action/actions-runner/.service
[2021-12-15 14:10:06Z INFO CommandSettings] Flag 'help': 'False'
[2021-12-15 14:10:06Z INFO CommandSettings] Flag 'version': 'False'
[2021-12-15 14:10:06Z INFO CommandSettings] Flag 'commit': 'False'
[2021-12-15 14:10:06Z INFO CommandSettings] Flag 'check': 'False'
[2021-12-15 14:10:06Z INFO CommandSettings] Command 'configure': 'True'
[2021-12-15 14:10:06Z INFO Terminal] WRITE LINE: 
[2021-12-15 14:10:06Z INFO Terminal] WRITE LINE: --------------------------------------------------------------------------------
[2021-12-15 14:10:06Z INFO Terminal] WRITE LINE: |        ____ _ _   _   _       _          _        _   _                      |
[2021-12-15 14:10:06Z INFO Terminal] WRITE LINE: |       / ___(_) |_| | | |_   _| |__      / \   ___| |_(_) ___  _ __  ___      |
[2021-12-15 14:10:06Z INFO Terminal] WRITE LINE: |      | |  _| | __| |_| | | | | '_ \    / _ \ / __| __| |/ _ \| '_ \/ __|     |
[2021-12-15 14:10:06Z INFO Terminal] WRITE LINE: |      | |_| | | |_|  _  | |_| | |_) |  / ___ \ (__| |_| | (_) | | | \__ \     |
[2021-12-15 14:10:06Z INFO Terminal] WRITE LINE: |       \____|_|\__|_| |_|\__,_|_.__/  /_/   \_\___|\__|_|\___/|_| |_|___/     |
[2021-12-15 14:10:06Z INFO Terminal] WRITE LINE: |                                                                              |
[2021-12-15 14:10:06Z INFO Terminal] WRITE: |                       
[2021-12-15 14:10:06Z INFO Terminal] WRITE: Self-hosted runner registration
[2021-12-15 14:10:06Z INFO Terminal] WRITE LINE:                         |
[2021-12-15 14:10:06Z INFO Terminal] WRITE LINE: |                                                                              |
[2021-12-15 14:10:06Z INFO Terminal] WRITE LINE: --------------------------------------------------------------------------------
[2021-12-15 14:10:06Z INFO ConfigurationManager] ConfigureAsync
[2021-12-15 14:10:06Z INFO ConfigurationStore] IsConfigured()
[2021-12-15 14:10:06Z INFO ConfigurationStore] IsConfigured: False
[2021-12-15 14:10:06Z INFO ConfigurationManager] Is configured: False
[2021-12-15 14:10:06Z INFO CommandSettings] Arg 'url': 'https://github.com/jsp-hashicorp/vault-action-example'
[2021-12-15 14:10:06Z INFO CommandSettings] Remove url from Arg dictionary.
[2021-12-15 14:10:06Z INFO CommandSettings] Arg 'token': '***'
[2021-12-15 14:10:06Z INFO CommandSettings] Remove token from Arg dictionary.
[2021-12-15 14:10:08Z INFO ConfigurationManager] Http response code: OK from 'POST https://api.github.com/actions/runner-registration'
[2021-12-15 14:10:08Z INFO ConfigurationManager] cred retrieved via GitHub auth
[2021-12-15 14:10:08Z INFO RunnerServer] Establish connection with 100 seconds timeout.
[2021-12-15 14:10:08Z INFO GitHubActionsService] Starting operation Location.GetConnectionData
[2021-12-15 14:10:08Z INFO RunnerServer] Establish connection with 60 seconds timeout.
[2021-12-15 14:10:08Z INFO GitHubActionsService] Starting operation Location.GetConnectionData
[2021-12-15 14:10:08Z INFO RunnerServer] Establish connection with 60 seconds timeout.
[2021-12-15 14:10:08Z INFO GitHubActionsService] Starting operation Location.GetConnectionData
[2021-12-15 14:10:09Z INFO GitHubActionsService] Finished operation Location.GetConnectionData
[2021-12-15 14:10:09Z INFO GitHubActionsService] Finished operation Location.GetConnectionData
[2021-12-15 14:10:09Z INFO GitHubActionsService] Finished operation Location.GetConnectionData
[2021-12-15 14:10:10Z INFO Terminal] WRITE LINE: 
[2021-12-15 14:10:10Z INFO ConfigurationManager] Test Connection complete.
[2021-12-15 14:10:10Z INFO HostContext] Well known directory 'Bin': '/Users/jsp/HashiCorp/vault-guides/ecosystem/vault-github-action/actions-runner/bin'
[2021-12-15 14:10:10Z INFO HostContext] Well known directory 'Root': '/Users/jsp/HashiCorp/vault-guides/ecosystem/vault-github-action/actions-runner'
[2021-12-15 14:10:10Z INFO HostContext] Well known config file 'RSACredentials': '/Users/jsp/HashiCorp/vault-guides/ecosystem/vault-github-action/actions-runner/.credentials_rsaparams'
[2021-12-15 14:10:10Z INFO RSAFileKeyManager] Creating new RSA key using 2048-bit key length
[2021-12-15 14:10:10Z INFO RSAFileKeyManager] Successfully saved RSA key parameters to file /Users/jsp/HashiCorp/vault-guides/ecosystem/vault-github-action/actions-runner/.credentials_rsaparams
[2021-12-15 14:10:10Z INFO RSAFileKeyManager] Which: 'chmod'
[2021-12-15 14:10:10Z INFO RSAFileKeyManager] Location: '/bin/chmod'
[2021-12-15 14:10:10Z INFO HostContext] Well known directory 'Bin': '/Users/jsp/HashiCorp/vault-guides/ecosystem/vault-github-action/actions-runner/bin'
[2021-12-15 14:10:10Z INFO HostContext] Well known directory 'Root': '/Users/jsp/HashiCorp/vault-guides/ecosystem/vault-github-action/actions-runner'
[2021-12-15 14:10:11Z INFO ProcessInvokerWrapper] Starting process:
[2021-12-15 14:10:11Z INFO ProcessInvokerWrapper]   File name: '/bin/chmod'
[2021-12-15 14:10:11Z INFO ProcessInvokerWrapper]   Arguments: '600 /Users/jsp/HashiCorp/vault-guides/ecosystem/vault-github-action/actions-runner/.credentials_rsaparams'
[2021-12-15 14:10:11Z INFO ProcessInvokerWrapper]   Working directory: '/Users/jsp/HashiCorp/vault-guides/ecosystem/vault-github-action/actions-runner'
[2021-12-15 14:10:11Z INFO ProcessInvokerWrapper]   Require exit code zero: 'False'
[2021-12-15 14:10:11Z INFO ProcessInvokerWrapper]   Encoding web name:  ; code page: ''
[2021-12-15 14:10:11Z INFO ProcessInvokerWrapper]   Force kill process on cancellation: 'False'
[2021-12-15 14:10:11Z INFO ProcessInvokerWrapper]   Redirected STDIN: 'False'
[2021-12-15 14:10:11Z INFO ProcessInvokerWrapper]   Persist current code page: 'False'
[2021-12-15 14:10:11Z INFO ProcessInvokerWrapper]   Keep redirected STDIN open: 'False'
[2021-12-15 14:10:11Z INFO ProcessInvokerWrapper]   High priority process: 'False'
[2021-12-15 14:10:11Z INFO ProcessInvokerWrapper] Process started with process id 23837, waiting for process exit.
[2021-12-15 14:10:11Z INFO ProcessInvokerWrapper] STDOUT/STDERR stream read finished.
[2021-12-15 14:10:11Z INFO ProcessInvokerWrapper] STDOUT/STDERR stream read finished.
[2021-12-15 14:10:11Z INFO ProcessInvokerWrapper] Finished process 23837 with exit code 0, and elapsed time 00:00:00.0137671.
[2021-12-15 14:10:11Z INFO RSAFileKeyManager] Successfully set permissions for RSA key parameters file /Users/jsp/HashiCorp/vault-guides/ecosystem/vault-github-action/actions-runner/.credentials_rsaparams
[2021-12-15 14:10:11Z INFO CommandSettings] Arg 'runnergroup': ''
[2021-12-15 14:10:11Z INFO CommandSettings] Flag 'unattended': 'False'
[2021-12-15 14:10:11Z INFO PromptManager] ReadValue
[2021-12-15 14:10:11Z INFO Terminal] WRITE: Enter the name of the runner group to add this runner to: 
[2021-12-15 14:10:11Z INFO Terminal] WRITE: [press Enter for Default] 
[2021-12-15 14:10:11Z INFO Terminal] READ LINE
[2021-12-15 14:10:13Z INFO Terminal] Read value: ''
[2021-12-15 14:10:13Z INFO PromptManager] Falling back to the default: 'Default'
[2021-12-15 14:10:13Z INFO Terminal] WRITE LINE: 
[2021-12-15 14:10:13Z INFO ConfigurationManager] Found a self-hosted runner group with id 1 and name Default
[2021-12-15 14:10:13Z INFO CommandSettings] Flag 'ephemeral': 'False'
[2021-12-15 14:10:13Z INFO CommandSettings] Arg 'name': ''
[2021-12-15 14:10:13Z INFO CommandSettings] Flag 'unattended': 'False'
[2021-12-15 14:10:13Z INFO PromptManager] ReadValue
[2021-12-15 14:10:13Z INFO Terminal] WRITE: Enter the name of runner: 
[2021-12-15 14:10:13Z INFO Terminal] WRITE: [press Enter for jsp-C02Z41M0LVDR] 
[2021-12-15 14:10:13Z INFO Terminal] READ LINE
[2021-12-15 14:10:14Z INFO Terminal] Read value: ''
[2021-12-15 14:10:14Z INFO PromptManager] Falling back to the default: 'jsp-C02Z41M0LVDR'
[2021-12-15 14:10:14Z INFO Terminal] WRITE LINE: 
[2021-12-15 14:10:14Z INFO CommandSettings] Arg 'labels': ''
[2021-12-15 14:10:14Z INFO CommandSettings] Flag 'unattended': 'False'
[2021-12-15 14:10:14Z INFO PromptManager] ReadValue
[2021-12-15 14:10:14Z INFO Terminal] WRITE: This runner will have the following labels: 'self-hosted', 'macOS', 'X64' 
Enter any additional labels (ex. label-1,label-2): 
[2021-12-15 14:10:14Z INFO Terminal] WRITE: [press Enter to skip] 
[2021-12-15 14:10:14Z INFO Terminal] READ LINE
[2021-12-15 14:10:15Z INFO Terminal] Read value: ''
[2021-12-15 14:10:15Z INFO Terminal] WRITE LINE: 
[2021-12-15 14:10:16Z INFO ConfigurationStore] Saving OAuth credential @ /Users/jsp/HashiCorp/vault-guides/ecosystem/vault-github-action/actions-runner/.credentials
[2021-12-15 14:10:16Z INFO ConfigurationStore] Credentials Saved.
[2021-12-15 14:10:16Z INFO ConfigurationStore] HasCredentials()
[2021-12-15 14:10:16Z INFO ConfigurationStore] stored True
[2021-12-15 14:10:16Z INFO CredentialManager] GetCredentialProvider
[2021-12-15 14:10:16Z INFO CredentialManager] Creating type OAuth
[2021-12-15 14:10:16Z INFO CredentialManager] Creating credential type: OAuth
[2021-12-15 14:10:16Z INFO RSAFileKeyManager] Loading RSA key parameters from file /Users/jsp/HashiCorp/vault-guides/ecosystem/vault-github-action/actions-runner/.credentials_rsaparams
[2021-12-15 14:10:16Z INFO RunnerServer] Establish connection with 100 seconds timeout.
[2021-12-15 14:10:16Z INFO GitHubActionsService] Starting operation Location.GetConnectionData
[2021-12-15 14:10:16Z INFO RunnerServer] Establish connection with 60 seconds timeout.
[2021-12-15 14:10:16Z INFO GitHubActionsService] Starting operation Location.GetConnectionData
[2021-12-15 14:10:16Z INFO RunnerServer] Establish connection with 60 seconds timeout.
[2021-12-15 14:10:16Z INFO GitHubActionsService] Starting operation Location.GetConnectionData
[2021-12-15 14:10:17Z INFO GitHubActionsService] Finished operation Location.GetConnectionData
[2021-12-15 14:10:17Z INFO GitHubActionsService] Finished operation Location.GetConnectionData
[2021-12-15 14:10:17Z INFO GitHubActionsService] Finished operation Location.GetConnectionData
[2021-12-15 14:10:17Z WARN GitHubActionsService] Authentication failed with status code 401.
WWW-Authenticate: Bearer
Strict-Transport-Security: max-age=2592000
X-TFS-ProcessId: ee3d0277-b192-4946-84a7-aa4cff5f1900
ActivityId: abb2ad54-7230-4fb9-a1b4-38f10852462b
X-TFS-Session: 66db17c4-fe66-4025-91e8-f47250fb3caf
X-VSS-E2EID: 88bcf6ee-df2b-4ac7-b6c5-51d9b90d23d5
X-VSS-SenderDeploymentId: ac98198d-4d34-0364-420d-bafa6e51dce2
X-TFS-ServiceError: The+user+%27System%3aPublicAccess%3baaaaaaaa-aaaa-aaaa-aaaa-aaaaaaaaaaaa%27+is+not+authorized+to+access+this+resource.
X-VSS-S2STargetService: 0000005A-0000-8888-8000-000000000000/visualstudio.com
X-Cache: CONFIG_NOCACHE
X-MSEdge-Ref: Ref A: E4DDF0E9003F453DBF15B207B09104BA Ref B: SLAEDGE1006 Ref C: 2021-12-15T14:10:17Z
Date: Wed, 15 Dec 2021 14:10:17 GMT

[2021-12-15 14:10:17Z INFO RSAFileKeyManager] Loading RSA key parameters from file /Users/jsp/HashiCorp/vault-guides/ecosystem/vault-github-action/actions-runner/.credentials_rsaparams
[2021-12-15 14:10:17Z INFO RSAFileKeyManager] Loading RSA key parameters from file /Users/jsp/HashiCorp/vault-guides/ecosystem/vault-github-action/actions-runner/.credentials_rsaparams
[2021-12-15 14:10:18Z INFO GitHubActionsService] AAD Correlation ID for this token request: Unknown
[2021-12-15 14:10:18Z INFO CommandSettings] Arg 'work': ''
[2021-12-15 14:10:18Z INFO CommandSettings] Flag 'unattended': 'False'
[2021-12-15 14:10:18Z INFO PromptManager] ReadValue
[2021-12-15 14:10:18Z INFO Terminal] WRITE: Enter name of work folder: 
[2021-12-15 14:10:18Z INFO Terminal] WRITE: [press Enter for _work] 
[2021-12-15 14:10:18Z INFO Terminal] READ LINE
[2021-12-15 14:10:19Z INFO Terminal] Read value: ''
[2021-12-15 14:10:19Z INFO PromptManager] Falling back to the default: '_work'
[2021-12-15 14:10:19Z INFO ConfigurationStore] Saving runner settings.
[2021-12-15 14:10:19Z INFO ConfigurationStore] Settings Saved.
[2021-12-15 14:10:19Z INFO Terminal] WRITE LINE: 
[2021-12-15 14:10:19Z INFO Terminal] WRITE LINE: 
[2021-12-15 14:10:19Z INFO OsxServiceControlManager] Service name 'actions.runner.jsp-hashicorp-vault-action-example.jsp-C02Z41M0LVDR' display name 'GitHub Actions Runner (jsp-hashicorp-vault-action-example.jsp-C02Z41M0LVDR)' will be used for service configuration.
[2021-12-15 14:10:19Z INFO HostContext] Well known directory 'Bin': '/Users/jsp/HashiCorp/vault-guides/ecosystem/vault-github-action/actions-runner/bin'
[2021-12-15 14:10:19Z INFO HostContext] Well known directory 'Root': '/Users/jsp/HashiCorp/vault-guides/ecosystem/vault-github-action/actions-runner'
[2021-12-15 14:10:19Z INFO HostContext] Well known directory 'Bin': '/Users/jsp/HashiCorp/vault-guides/ecosystem/vault-github-action/actions-runner/bin'
[2021-12-15 14:10:19Z INFO HostContext] Well known directory 'Bin': '/Users/jsp/HashiCorp/vault-guides/ecosystem/vault-github-action/actions-runner/bin'
[2021-12-15 14:10:19Z INFO HostContext] Well known directory 'Root': '/Users/jsp/HashiCorp/vault-guides/ecosystem/vault-github-action/actions-runner'
[2021-12-15 14:10:19Z INFO UnixUtil] Which: 'chmod'
[2021-12-15 14:10:19Z INFO UnixUtil] Location: '/bin/chmod'
[2021-12-15 14:10:19Z INFO UnixUtil] Running /bin/chmod 755 "/Users/jsp/HashiCorp/vault-guides/ecosystem/vault-github-action/actions-runner/svc.sh"
[2021-12-15 14:10:19Z INFO ProcessInvokerWrapper] Starting process:
[2021-12-15 14:10:19Z INFO ProcessInvokerWrapper]   File name: '/bin/chmod'
[2021-12-15 14:10:19Z INFO ProcessInvokerWrapper]   Arguments: '755 "/Users/jsp/HashiCorp/vault-guides/ecosystem/vault-github-action/actions-runner/svc.sh"'
[2021-12-15 14:10:19Z INFO ProcessInvokerWrapper]   Working directory: '/Users/jsp/HashiCorp/vault-guides/ecosystem/vault-github-action/actions-runner'
[2021-12-15 14:10:19Z INFO ProcessInvokerWrapper]   Require exit code zero: 'True'
[2021-12-15 14:10:19Z INFO ProcessInvokerWrapper]   Encoding web name:  ; code page: ''
[2021-12-15 14:10:19Z INFO ProcessInvokerWrapper]   Force kill process on cancellation: 'False'
[2021-12-15 14:10:19Z INFO ProcessInvokerWrapper]   Redirected STDIN: 'False'
[2021-12-15 14:10:19Z INFO ProcessInvokerWrapper]   Persist current code page: 'False'
[2021-12-15 14:10:19Z INFO ProcessInvokerWrapper]   Keep redirected STDIN open: 'False'
[2021-12-15 14:10:19Z INFO ProcessInvokerWrapper]   High priority process: 'False'
[2021-12-15 14:10:19Z INFO ProcessInvokerWrapper] Process started with process id 23990, waiting for process exit.
[2021-12-15 14:10:19Z INFO ProcessInvokerWrapper] STDOUT/STDERR stream read finished.
[2021-12-15 14:10:19Z INFO ProcessInvokerWrapper] STDOUT/STDERR stream read finished.
[2021-12-15 14:10:19Z INFO ProcessInvokerWrapper] Finished process 23990 with exit code 0, and elapsed time 00:00:00.0111729.
[2021-12-15 14:10:19Z INFO Listener] Runner execution has finished with return code 0
